<?xml version="1.0" encoding="UTF-8" ?><testsuite errors="0" name="jasmine.specs" tests="7" failures="1" skipped="0" hostname="localhost" time="0.0" timestamp="2017-01-29T15:45:51"><testcase classname="jasmine" name="App Default headers include X-Requested-With" time="0.0" failure="false"/><testcase classname="jasmine" name="App Home Controller says Hello Test when controller loads" time="0.0" failure="true"><error type="expect." message="Error: [$injector:unpr] http://errors.angularjs.org/1.4.9/$injector/unpr?p0=%24scopeProvider%20%3C-%20%24scope%20%3C-%20home in http://localhost:6801/lib/angular-bootstrap.js (line 5)Error: Unsatisfied requests: GET /resource/ in http://localhost:6801/webjars/angularjs/1.4.9/angular-mocks.js (line 1655)">Error: [$injector:unpr] http://errors.angularjs.org/1.4.9/$injector/unpr?p0=%24scopeProvider%20%3C-%20%24scope%20%3C-%20home in http://localhost:6801/lib/angular-bootstrap.js (line 5)Error: Unsatisfied requests: GET /resource/ in http://localhost:6801/webjars/angularjs/1.4.9/angular-mocks.js (line 1655)</error></testcase><testcase classname="jasmine" name="App Navigation Controller tries to authenticate when controller loads" time="0.0" failure="false"/><testcase classname="jasmine" name="App Navigation Controller Login authenticates successfully with correct credentials" time="0.0" failure="false"/><testcase classname="jasmine" name="App Navigation Controller Login does not authenticate successfully if credentials are bad" time="0.0" failure="false"/><testcase classname="jasmine" name="App Navigation Controller Logout successful logout" time="0.0" failure="false"/><testcase classname="jasmine" name="App Navigation Controller Logout unsuccessful logout" time="0.0" failure="false"/></testsuite>